Arguments: 
  C:\Program Files\nodejs\node.exe C:\Program Files (x86)\Yarn\bin\yarn.js add --dev jest

PATH: 
  C:\Program Files\Docker\Docker\Resources\bin;C:\ProgramData\Oracle\Java\javapath;C:\WINDOWS\system32;C:\WINDOWS;C:\WINDOWS\System32\Wbem;C:\WINDOWS\System32\WindowsPowerShell\v1.0\;C:\Program Files\nodejs\;C:\Program Files\dotnet\;C:\Program Files\Microsoft\Web Platform Installer\;C:\WINDOWS\System32\OpenSSH\;C:\Program Files\Microsoft SQL Server\130\Tools\Binn\;C:\Program Files\Amazon\AWSCLI\bin\;C:\Users\sonis\AppData\Local\Programs\Git\cmd;C:\Program Files\PolicyPak\;C:\Program Files (x86)\Sennheiser\SoftphoneSDK\;C:\Program Files (x86)\Yarn\bin\;C:\Program Files (x86)\Webex\Webex\Applications;C:\Users\sonis\AppData\Local\Programs\Python\Python37\Scripts\;C:\Users\sonis\AppData\Local\Programs\Python\Python37\;C:\Users\sonis\AppData\Local\Programs\Python\Python37-32\Scripts\;C:\Users\sonis\AppData\Local\Programs\Python\Python37-32\;C:\Users\sonis\AppData\Local\Microsoft\WindowsApps;C:\Users\sonis\AppData\Local\Programs\Microsoft VS Code\bin;C:\Users\sonis\AppData\Local\Programs\Git\cmd;C:\Users\sonis\AppData\Roaming\npm;C:\Users\sonis\.dotnet\tools;C:\Users\sonis\AppData\Local\Microsoft\WindowsApps;C:\src;C:\Users\sonis\AppData\Local\Yarn\bin

Yarn version: 
  1.15.2

Node version: 
  8.11.4

Platform: 
  win32 x64

Trace: 
  Error: https://registry.yarnpkg.com/@%5E5.5.0: Request "https://registry.yarnpkg.com/@%5E5.5.0" returned a 405
      at Request.params.callback [as _callback] (C:\Program Files (x86)\Yarn\lib\cli.js:65176:18)
      at Request.self.callback (C:\Program Files (x86)\Yarn\lib\cli.js:129541:22)
      at emitTwo (events.js:126:13)
      at Request.emit (events.js:214:7)
      at Request.<anonymous> (C:\Program Files (x86)\Yarn\lib\cli.js:130513:10)
      at emitOne (events.js:116:13)
      at Request.emit (events.js:211:7)
      at IncomingMessage.<anonymous> (C:\Program Files (x86)\Yarn\lib\cli.js:130435:12)
      at Object.onceWrapper (events.js:313:30)
      at emitNone (events.js:111:20)

npm manifest: 
  {
    "name": "vci-ofa-data-transfer",
    "version": "1.0.0",
    "description": "Serverless webpack example using Typescript",
    "main": "handler.js",
    "scripts": {
      "test": "set NODE_ENV=unit-test&& jest tests/unittests/ --coverage --coverageDirectory ./coverage/unit-test  --passWithNoTests --testResultsProcessor ./node_modules/jest-sonar-reporter/index.js"
    },
    "dependencies": {
      "source-map-support": "^0.5.10",
      "jest-junit": "^6.3.0",
      "jest-sonar-reporter": "^2.0.0",
      "serverless": "^1.36.3",
      "sonarqube-scanner": "^2.4.0",
      "tslint-sonarts": "^1.9.0"
    },
    "devDependencies": {
      "@types/aws-lambda": "^8.10.17",
      "@types/node": "^10.12.18",
      "": "^5.5.0",
      "typescript": "^3.2.4",
      "webpack": "^4.29.0",
      "serverless-offline": "4.2.1",
      "serverless-pseudo-parameters": "2.4.0",
      "serverless-webpack": "5.1.1",
      "source-map-support": "0.5.6",
      "ts-jest": "^23.10.5",
      "ts-loader": "4.2.0",
      "tslint": "^5.12.1",
      "tslint-config-airbnb": "^5.11.1",
      "tslint-config-prettier": "^1.17.0"
    },
    "author": "The serverless webpack authors (https://github.com/elastic-coders/serverless-webpack)",
    "license": "MIT"
  }

yarn manifest: 
  No manifest

Lockfile: 
  No lockfile
